{"/home/evan/career-track/date-adder/date-adder.js": {"path":"/home/evan/career-track/date-adder/date-adder.js","statementMap":{"0":{"start":{"line":1,"column":18},"end":{"line":22,"column":1}},"1":{"start":{"line":2,"column":17},"end":{"line":2,"column":47}},"2":{"start":{"line":3,"column":19},"end":{"line":3,"column":59}},"3":{"start":{"line":5,"column":2},"end":{"line":19,"column":3}},"4":{"start":{"line":6,"column":4},"end":{"line":6,"column":21}},"5":{"start":{"line":7,"column":9},"end":{"line":19,"column":3}},"6":{"start":{"line":8,"column":4},"end":{"line":8,"column":26}},"7":{"start":{"line":9,"column":9},"end":{"line":19,"column":3}},"8":{"start":{"line":10,"column":4},"end":{"line":10,"column":31}},"9":{"start":{"line":11,"column":9},"end":{"line":19,"column":3}},"10":{"start":{"line":12,"column":4},"end":{"line":12,"column":36}},"11":{"start":{"line":13,"column":9},"end":{"line":19,"column":3}},"12":{"start":{"line":14,"column":4},"end":{"line":14,"column":40}},"13":{"start":{"line":15,"column":9},"end":{"line":19,"column":3}},"14":{"start":{"line":16,"column":4},"end":{"line":16,"column":48}},"15":{"start":{"line":17,"column":9},"end":{"line":19,"column":3}},"16":{"start":{"line":18,"column":4},"end":{"line":18,"column":53}},"17":{"start":{"line":20,"column":2},"end":{"line":20,"column":25}},"18":{"start":{"line":21,"column":2},"end":{"line":21,"column":48}},"19":{"start":{"line":24,"column":0},"end":{"line":24,"column":27}}},"fnMap":{"0":{"name":"(anonymous_0)","decl":{"start":{"line":1,"column":18},"end":{"line":1,"column":19}},"loc":{"start":{"line":1,"column":34},"end":{"line":22,"column":1}},"line":1}},"branchMap":{"0":{"loc":{"start":{"line":5,"column":2},"end":{"line":19,"column":3}},"type":"if","locations":[{"start":{"line":5,"column":2},"end":{"line":19,"column":3}},{"start":{"line":5,"column":2},"end":{"line":19,"column":3}}],"line":5},"1":{"loc":{"start":{"line":7,"column":9},"end":{"line":19,"column":3}},"type":"if","locations":[{"start":{"line":7,"column":9},"end":{"line":19,"column":3}},{"start":{"line":7,"column":9},"end":{"line":19,"column":3}}],"line":7},"2":{"loc":{"start":{"line":9,"column":9},"end":{"line":19,"column":3}},"type":"if","locations":[{"start":{"line":9,"column":9},"end":{"line":19,"column":3}},{"start":{"line":9,"column":9},"end":{"line":19,"column":3}}],"line":9},"3":{"loc":{"start":{"line":11,"column":9},"end":{"line":19,"column":3}},"type":"if","locations":[{"start":{"line":11,"column":9},"end":{"line":19,"column":3}},{"start":{"line":11,"column":9},"end":{"line":19,"column":3}}],"line":11},"4":{"loc":{"start":{"line":13,"column":9},"end":{"line":19,"column":3}},"type":"if","locations":[{"start":{"line":13,"column":9},"end":{"line":19,"column":3}},{"start":{"line":13,"column":9},"end":{"line":19,"column":3}}],"line":13},"5":{"loc":{"start":{"line":15,"column":9},"end":{"line":19,"column":3}},"type":"if","locations":[{"start":{"line":15,"column":9},"end":{"line":19,"column":3}},{"start":{"line":15,"column":9},"end":{"line":19,"column":3}}],"line":15},"6":{"loc":{"start":{"line":17,"column":9},"end":{"line":19,"column":3}},"type":"if","locations":[{"start":{"line":17,"column":9},"end":{"line":19,"column":3}},{"start":{"line":17,"column":9},"end":{"line":19,"column":3}}],"line":17}},"s":{"0":1,"1":7,"2":7,"3":7,"4":1,"5":6,"6":1,"7":5,"8":1,"9":4,"10":1,"11":3,"12":1,"13":2,"14":1,"15":1,"16":1,"17":7,"18":7,"19":1},"f":{"0":7},"b":{"0":[1,6],"1":[1,5],"2":[1,4],"3":[1,3],"4":[1,2],"5":[1,1],"6":[1,0]},"_coverageSchema":"43e27e138ebf9cfc5966b082cf9a028302ed4184","hash":"fc2de026cb56bdeaec26742794d7b2f14a1fcec1"}
}
